2019-6-17 修改：
合并现有的10xGenomics流程，包含单个样本的标准分析流程，多个样本差异分析流程以及包含人注释信息的医学流程；
10XGenomics 与 nas_10XGenomics 对应非样本间的比较分析流程；
SinCell_10X 与 nas_SinCell_10X 对应样本间的比较分析流程，包含拟时间分析；
SinCell_10X_med 与 nas_SinCell_10X 对应人注释信息的医学流程，包含多样本间比较分析，拟时间分析和数据库注释；
具体细节修改：
1，生成对标流程的结题报告；
2，串如多样本比较分析和拟时间分析
3，修改流程分析图，根据分析内容进行重新绘制，去除了医学分析内容；去除医学分析内容配置和结题报告内容；
4，修改了目录整理流程，GO，KEGG和PPI拷贝文件txt 更改为doc。
5，修改自动化流水线配置文件，添加10XGenomics标签。
6，依据type识别相应流程结题报告。
2020-6-20 修改
主流程修改：
1，config 搜寻BIN目录下的pipeline
2，添加多样本整合进行样本间的分析
3，去除多样本的合并分析，即对应之前的aggr
4，统一单样本和多样本的seurat筛选标准，对于小鼠和人将进行红细胞的去除
5，单样本分析添加UMAP的结果，且cluster从1开始
6，多样本分析添加合并后的单样本细胞聚类分布
7，拟时间分析对接seurat，拟时间仅针对单个样本进行
8，多样本样本间差异基因分析，添加差异基因wikipathway富集和GSEA分析，目前仅针对人和小鼠
9，对于单样本和多样本进行细胞鉴定分析，目前仅针对人和小鼠
10，修改报告生成按照upload文件进行判断，仅涉及到上述提到的物种限制的分析模块
